{"C:\\Users\\pankaj.kumar\\Saved Games\\QA\\v1.1\\client\\Utils\\utils.js": {"path":"C:\\Users\\pankaj.kumar\\Saved Games\\QA\\v1.1\\client\\Utils\\utils.js","statementMap":{"0":{"start":{"line":3,"column":35},"end":{"line":29,"column":1}},"1":{"start":{"line":5,"column":4},"end":{"line":5,"column":29}},"2":{"start":{"line":6,"column":4},"end":{"line":8,"column":5}},"3":{"start":{"line":7,"column":8},"end":{"line":7,"column":20}},"4":{"start":{"line":10,"column":4},"end":{"line":10,"column":50}},"5":{"start":{"line":11,"column":4},"end":{"line":11,"column":47}},"6":{"start":{"line":13,"column":4},"end":{"line":13,"column":38}},"7":{"start":{"line":14,"column":4},"end":{"line":14,"column":23}},"8":{"start":{"line":15,"column":4},"end":{"line":15,"column":16}},"9":{"start":{"line":16,"column":4},"end":{"line":16,"column":41}},"10":{"start":{"line":17,"column":4},"end":{"line":17,"column":28}},"11":{"start":{"line":18,"column":4},"end":{"line":27,"column":7}},"12":{"start":{"line":19,"column":8},"end":{"line":19,"column":16}},"13":{"start":{"line":20,"column":8},"end":{"line":20,"column":38}},"14":{"start":{"line":21,"column":8},"end":{"line":25,"column":11}},"15":{"start":{"line":22,"column":12},"end":{"line":22,"column":27}},"16":{"start":{"line":23,"column":12},"end":{"line":23,"column":42}},"17":{"start":{"line":24,"column":12},"end":{"line":24,"column":18}},"18":{"start":{"line":26,"column":8},"end":{"line":26,"column":32}},"19":{"start":{"line":28,"column":4},"end":{"line":28,"column":18}},"20":{"start":{"line":30,"column":20},"end":{"line":49,"column":1}},"21":{"start":{"line":32,"column":4},"end":{"line":32,"column":52}},"22":{"start":{"line":33,"column":4},"end":{"line":33,"column":25}},"23":{"start":{"line":34,"column":14},"end":{"line":36,"column":6}},"24":{"start":{"line":37,"column":4},"end":{"line":37,"column":28}},"25":{"start":{"line":37,"column":21},"end":{"line":37,"column":28}},"26":{"start":{"line":40,"column":4},"end":{"line":42,"column":5}},"27":{"start":{"line":41,"column":8},"end":{"line":41,"column":51}},"28":{"start":{"line":43,"column":4},"end":{"line":43,"column":26}},"29":{"start":{"line":45,"column":4},"end":{"line":45,"column":39}},"30":{"start":{"line":46,"column":4},"end":{"line":46,"column":36}},"31":{"start":{"line":47,"column":4},"end":{"line":47,"column":44}},"32":{"start":{"line":48,"column":4},"end":{"line":48,"column":17}},"33":{"start":{"line":51,"column":14},"end":{"line":333,"column":1}},"34":{"start":{"line":53,"column":19},"end":{"line":55,"column":9}},"35":{"start":{"line":56,"column":8},"end":{"line":65,"column":15}},"36":{"start":{"line":58,"column":27},"end":{"line":58,"column":40}},"37":{"start":{"line":59,"column":28},"end":{"line":63,"column":18}},"38":{"start":{"line":60,"column":20},"end":{"line":60,"column":48}},"39":{"start":{"line":61,"column":20},"end":{"line":61,"column":48}},"40":{"start":{"line":62,"column":20},"end":{"line":62,"column":32}},"41":{"start":{"line":64,"column":15},"end":{"line":64,"column":28}},"42":{"start":{"line":68,"column":8},"end":{"line":78,"column":14}},"43":{"start":{"line":70,"column":32},"end":{"line":70,"column":50}},"44":{"start":{"line":71,"column":16},"end":{"line":75,"column":18}},"45":{"start":{"line":72,"column":20},"end":{"line":72,"column":47}},"46":{"start":{"line":73,"column":20},"end":{"line":73,"column":49}},"47":{"start":{"line":74,"column":20},"end":{"line":74,"column":31}},"48":{"start":{"line":77,"column":16},"end":{"line":77,"column":33}},"49":{"start":{"line":81,"column":8},"end":{"line":97,"column":14}},"50":{"start":{"line":83,"column":27},"end":{"line":83,"column":45}},"51":{"start":{"line":84,"column":36},"end":{"line":86,"column":28}},"52":{"start":{"line":85,"column":20},"end":{"line":85,"column":44}},"53":{"start":{"line":87,"column":35},"end":{"line":89,"column":28}},"54":{"start":{"line":88,"column":20},"end":{"line":88,"column":44}},"55":{"start":{"line":90,"column":33},"end":{"line":92,"column":28}},"56":{"start":{"line":91,"column":20},"end":{"line":91,"column":44}},"57":{"start":{"line":93,"column":16},"end":{"line":96,"column":17}},"58":{"start":{"line":100,"column":8},"end":{"line":115,"column":14}},"59":{"start":{"line":102,"column":16},"end":{"line":102,"column":48}},"60":{"start":{"line":103,"column":16},"end":{"line":103,"column":48}},"61":{"start":{"line":104,"column":24},"end":{"line":108,"column":18}},"62":{"start":{"line":105,"column":20},"end":{"line":105,"column":43}},"63":{"start":{"line":106,"column":31},"end":{"line":106,"column":50}},"64":{"start":{"line":107,"column":20},"end":{"line":107,"column":31}},"65":{"start":{"line":110,"column":24},"end":{"line":112,"column":18}},"66":{"start":{"line":111,"column":20},"end":{"line":111,"column":38}},"67":{"start":{"line":113,"column":27},"end":{"line":113,"column":81}},"68":{"start":{"line":114,"column":16},"end":{"line":114,"column":28}},"69":{"start":{"line":118,"column":18},"end":{"line":118,"column":113}},"70":{"start":{"line":119,"column":22},"end":{"line":119,"column":26}},"71":{"start":{"line":120,"column":8},"end":{"line":163,"column":15}},"72":{"start":{"line":122,"column":16},"end":{"line":122,"column":48}},"73":{"start":{"line":123,"column":29},"end":{"line":123,"column":47}},"74":{"start":{"line":124,"column":28},"end":{"line":124,"column":59}},"75":{"start":{"line":125,"column":27},"end":{"line":125,"column":61}},"76":{"start":{"line":126,"column":16},"end":{"line":159,"column":17}},"77":{"start":{"line":127,"column":20},"end":{"line":127,"column":39}},"78":{"start":{"line":128,"column":39},"end":{"line":128,"column":41}},"79":{"start":{"line":129,"column":20},"end":{"line":131,"column":27}},"80":{"start":{"line":130,"column":28},"end":{"line":130,"column":44}},"81":{"start":{"line":132,"column":20},"end":{"line":134,"column":27}},"82":{"start":{"line":133,"column":28},"end":{"line":133,"column":44}},"83":{"start":{"line":135,"column":20},"end":{"line":137,"column":27}},"84":{"start":{"line":136,"column":28},"end":{"line":136,"column":44}},"85":{"start":{"line":138,"column":20},"end":{"line":140,"column":27}},"86":{"start":{"line":139,"column":28},"end":{"line":139,"column":44}},"87":{"start":{"line":141,"column":20},"end":{"line":143,"column":27}},"88":{"start":{"line":142,"column":28},"end":{"line":142,"column":44}},"89":{"start":{"line":144,"column":33},"end":{"line":144,"column":106}},"90":{"start":{"line":145,"column":20},"end":{"line":147,"column":27}},"91":{"start":{"line":146,"column":28},"end":{"line":146,"column":43}},"92":{"start":{"line":148,"column":20},"end":{"line":148,"column":47}},"93":{"start":{"line":149,"column":20},"end":{"line":149,"column":64}},"94":{"start":{"line":150,"column":20},"end":{"line":150,"column":45}},"95":{"start":{"line":151,"column":20},"end":{"line":151,"column":42}},"96":{"start":{"line":153,"column":20},"end":{"line":153,"column":45}},"97":{"start":{"line":154,"column":20},"end":{"line":154,"column":45}},"98":{"start":{"line":155,"column":20},"end":{"line":155,"column":47}},"99":{"start":{"line":156,"column":20},"end":{"line":156,"column":45}},"100":{"start":{"line":157,"column":20},"end":{"line":157,"column":45}},"101":{"start":{"line":158,"column":20},"end":{"line":158,"column":53}},"102":{"start":{"line":160,"column":16},"end":{"line":160,"column":28}},"103":{"start":{"line":162,"column":16},"end":{"line":162,"column":61}},"104":{"start":{"line":166,"column":8},"end":{"line":168,"column":9}},"105":{"start":{"line":167,"column":12},"end":{"line":167,"column":53}},"106":{"start":{"line":169,"column":8},"end":{"line":169,"column":56}},"107":{"start":{"line":170,"column":8},"end":{"line":181,"column":15}},"108":{"start":{"line":172,"column":26},"end":{"line":172,"column":44}},"109":{"start":{"line":173,"column":16},"end":{"line":173,"column":55}},"110":{"start":{"line":174,"column":30},"end":{"line":174,"column":44}},"111":{"start":{"line":175,"column":28},"end":{"line":175,"column":75}},"112":{"start":{"line":176,"column":32},"end":{"line":176,"column":78}},"113":{"start":{"line":177,"column":16},"end":{"line":180,"column":17}},"114":{"start":{"line":184,"column":8},"end":{"line":186,"column":9}},"115":{"start":{"line":185,"column":12},"end":{"line":185,"column":53}},"116":{"start":{"line":187,"column":8},"end":{"line":187,"column":56}},"117":{"start":{"line":188,"column":8},"end":{"line":199,"column":15}},"118":{"start":{"line":190,"column":27},"end":{"line":190,"column":48}},"119":{"start":{"line":191,"column":32},"end":{"line":191,"column":73}},"120":{"start":{"line":192,"column":31},"end":{"line":192,"column":77}},"121":{"start":{"line":193,"column":26},"end":{"line":193,"column":74}},"122":{"start":{"line":194,"column":16},"end":{"line":198,"column":18}},"123":{"start":{"line":202,"column":8},"end":{"line":204,"column":9}},"124":{"start":{"line":203,"column":12},"end":{"line":203,"column":53}},"125":{"start":{"line":205,"column":8},"end":{"line":205,"column":56}},"126":{"start":{"line":206,"column":8},"end":{"line":212,"column":15}},"127":{"start":{"line":208,"column":37},"end":{"line":208,"column":89}},"128":{"start":{"line":209,"column":16},"end":{"line":211,"column":18}},"129":{"start":{"line":215,"column":8},"end":{"line":217,"column":9}},"130":{"start":{"line":216,"column":12},"end":{"line":216,"column":53}},"131":{"start":{"line":218,"column":8},"end":{"line":218,"column":56}},"132":{"start":{"line":219,"column":8},"end":{"line":228,"column":14}},"133":{"start":{"line":221,"column":30},"end":{"line":221,"column":48}},"134":{"start":{"line":222,"column":24},"end":{"line":222,"column":68}},"135":{"start":{"line":222,"column":50},"end":{"line":222,"column":65}},"136":{"start":{"line":223,"column":24},"end":{"line":223,"column":69}},"137":{"start":{"line":223,"column":50},"end":{"line":223,"column":66}},"138":{"start":{"line":224,"column":16},"end":{"line":227,"column":19}},"139":{"start":{"line":231,"column":8},"end":{"line":233,"column":9}},"140":{"start":{"line":232,"column":12},"end":{"line":232,"column":53}},"141":{"start":{"line":234,"column":8},"end":{"line":234,"column":56}},"142":{"start":{"line":235,"column":8},"end":{"line":244,"column":14}},"143":{"start":{"line":237,"column":30},"end":{"line":237,"column":48}},"144":{"start":{"line":238,"column":24},"end":{"line":238,"column":68}},"145":{"start":{"line":238,"column":50},"end":{"line":238,"column":65}},"146":{"start":{"line":239,"column":24},"end":{"line":239,"column":69}},"147":{"start":{"line":239,"column":50},"end":{"line":239,"column":66}},"148":{"start":{"line":240,"column":16},"end":{"line":243,"column":18}},"149":{"start":{"line":247,"column":19},"end":{"line":247,"column":23}},"150":{"start":{"line":248,"column":8},"end":{"line":250,"column":9}},"151":{"start":{"line":249,"column":12},"end":{"line":249,"column":53}},"152":{"start":{"line":251,"column":8},"end":{"line":251,"column":56}},"153":{"start":{"line":252,"column":8},"end":{"line":265,"column":15}},"154":{"start":{"line":254,"column":30},"end":{"line":254,"column":48}},"155":{"start":{"line":255,"column":16},"end":{"line":255,"column":63}},"156":{"start":{"line":256,"column":36},"end":{"line":256,"column":48}},"157":{"start":{"line":257,"column":40},"end":{"line":257,"column":52}},"158":{"start":{"line":258,"column":16},"end":{"line":263,"column":19}},"159":{"start":{"line":259,"column":57},"end":{"line":259,"column":82}},"160":{"start":{"line":260,"column":57},"end":{"line":260,"column":73}},"161":{"start":{"line":261,"column":61},"end":{"line":261,"column":86}},"162":{"start":{"line":262,"column":61},"end":{"line":262,"column":77}},"163":{"start":{"line":268,"column":8},"end":{"line":278,"column":14}},"164":{"start":{"line":270,"column":36},"end":{"line":274,"column":18}},"165":{"start":{"line":271,"column":20},"end":{"line":271,"column":41}},"166":{"start":{"line":272,"column":20},"end":{"line":272,"column":43}},"167":{"start":{"line":273,"column":20},"end":{"line":273,"column":32}},"168":{"start":{"line":275,"column":16},"end":{"line":277,"column":18}},"169":{"start":{"line":281,"column":8},"end":{"line":284,"column":9}},"170":{"start":{"line":282,"column":12},"end":{"line":282,"column":53}},"171":{"start":{"line":283,"column":12},"end":{"line":283,"column":29}},"172":{"start":{"line":285,"column":8},"end":{"line":288,"column":9}},"173":{"start":{"line":286,"column":12},"end":{"line":286,"column":49}},"174":{"start":{"line":287,"column":12},"end":{"line":287,"column":41}},"175":{"start":{"line":289,"column":8},"end":{"line":289,"column":56}},"176":{"start":{"line":290,"column":8},"end":{"line":331,"column":14}},"177":{"start":{"line":292,"column":16},"end":{"line":292,"column":48}},"178":{"start":{"line":294,"column":30},"end":{"line":296,"column":18}},"179":{"start":{"line":295,"column":20},"end":{"line":295,"column":69}},"180":{"start":{"line":297,"column":16},"end":{"line":297,"column":42}},"181":{"start":{"line":298,"column":32},"end":{"line":300,"column":18}},"182":{"start":{"line":299,"column":20},"end":{"line":299,"column":41}},"183":{"start":{"line":303,"column":31},"end":{"line":308,"column":18}},"184":{"start":{"line":304,"column":20},"end":{"line":307,"column":21}},"185":{"start":{"line":305,"column":35},"end":{"line":305,"column":44}},"186":{"start":{"line":306,"column":24},"end":{"line":306,"column":36}},"187":{"start":{"line":310,"column":30},"end":{"line":312,"column":18}},"188":{"start":{"line":311,"column":20},"end":{"line":311,"column":45}},"189":{"start":{"line":314,"column":30},"end":{"line":314,"column":88}},"190":{"start":{"line":315,"column":30},"end":{"line":321,"column":18}},"191":{"start":{"line":316,"column":30},"end":{"line":316,"column":32}},"192":{"start":{"line":317,"column":20},"end":{"line":319,"column":22}},"193":{"start":{"line":318,"column":24},"end":{"line":318,"column":69}},"194":{"start":{"line":320,"column":20},"end":{"line":320,"column":31}},"195":{"start":{"line":327,"column":28},"end":{"line":327,"column":63}},"196":{"start":{"line":327,"column":48},"end":{"line":327,"column":62}},"197":{"start":{"line":329,"column":16},"end":{"line":329,"column":58}}},"fnMap":{"0":{"name":"(anonymous_0)","decl":{"start":{"line":3,"column":35},"end":{"line":3,"column":36}},"loc":{"start":{"line":3,"column":50},"end":{"line":29,"column":1}},"line":3},"1":{"name":"(anonymous_1)","decl":{"start":{"line":18,"column":16},"end":{"line":18,"column":17}},"loc":{"start":{"line":18,"column":34},"end":{"line":27,"column":5}},"line":18},"2":{"name":"(anonymous_2)","decl":{"start":{"line":21,"column":21},"end":{"line":21,"column":22}},"loc":{"start":{"line":21,"column":36},"end":{"line":25,"column":9}},"line":21},"3":{"name":"(anonymous_3)","decl":{"start":{"line":30,"column":20},"end":{"line":30,"column":21}},"loc":{"start":{"line":30,"column":35},"end":{"line":49,"column":1}},"line":30},"4":{"name":"(anonymous_4)","decl":{"start":{"line":52,"column":27},"end":{"line":52,"column":28}},"loc":{"start":{"line":52,"column":44},"end":{"line":66,"column":5}},"line":52},"5":{"name":"(anonymous_5)","decl":{"start":{"line":57,"column":18},"end":{"line":57,"column":19}},"loc":{"start":{"line":57,"column":27},"end":{"line":65,"column":13}},"line":57},"6":{"name":"(anonymous_6)","decl":{"start":{"line":59,"column":40},"end":{"line":59,"column":41}},"loc":{"start":{"line":59,"column":50},"end":{"line":63,"column":17}},"line":59},"7":{"name":"(anonymous_7)","decl":{"start":{"line":67,"column":22},"end":{"line":67,"column":23}},"loc":{"start":{"line":67,"column":32},"end":{"line":79,"column":5}},"line":67},"8":{"name":"(anonymous_8)","decl":{"start":{"line":69,"column":18},"end":{"line":69,"column":19}},"loc":{"start":{"line":69,"column":32},"end":{"line":78,"column":13}},"line":69},"9":{"name":"(anonymous_9)","decl":{"start":{"line":71,"column":45},"end":{"line":71,"column":46}},"loc":{"start":{"line":71,"column":54},"end":{"line":75,"column":17}},"line":71},"10":{"name":"(anonymous_10)","decl":{"start":{"line":80,"column":19},"end":{"line":80,"column":20}},"loc":{"start":{"line":80,"column":29},"end":{"line":98,"column":5}},"line":80},"11":{"name":"(anonymous_11)","decl":{"start":{"line":82,"column":18},"end":{"line":82,"column":19}},"loc":{"start":{"line":82,"column":37},"end":{"line":97,"column":13}},"line":82},"12":{"name":"(anonymous_12)","decl":{"start":{"line":84,"column":58},"end":{"line":84,"column":59}},"loc":{"start":{"line":84,"column":74},"end":{"line":86,"column":17}},"line":84},"13":{"name":"(anonymous_13)","decl":{"start":{"line":87,"column":57},"end":{"line":87,"column":58}},"loc":{"start":{"line":87,"column":73},"end":{"line":89,"column":17}},"line":87},"14":{"name":"(anonymous_14)","decl":{"start":{"line":90,"column":55},"end":{"line":90,"column":56}},"loc":{"start":{"line":90,"column":71},"end":{"line":92,"column":17}},"line":90},"15":{"name":"(anonymous_15)","decl":{"start":{"line":99,"column":25},"end":{"line":99,"column":26}},"loc":{"start":{"line":99,"column":37},"end":{"line":116,"column":5}},"line":99},"16":{"name":"(anonymous_16)","decl":{"start":{"line":101,"column":18},"end":{"line":101,"column":19}},"loc":{"start":{"line":101,"column":38},"end":{"line":115,"column":13}},"line":101},"17":{"name":"(anonymous_17)","decl":{"start":{"line":104,"column":50},"end":{"line":104,"column":51}},"loc":{"start":{"line":104,"column":66},"end":{"line":108,"column":17}},"line":104},"18":{"name":"(anonymous_18)","decl":{"start":{"line":110,"column":50},"end":{"line":110,"column":51}},"loc":{"start":{"line":110,"column":66},"end":{"line":112,"column":17}},"line":110},"19":{"name":"(anonymous_19)","decl":{"start":{"line":117,"column":18},"end":{"line":117,"column":19}},"loc":{"start":{"line":117,"column":47},"end":{"line":164,"column":5}},"line":117},"20":{"name":"(anonymous_20)","decl":{"start":{"line":121,"column":18},"end":{"line":121,"column":19}},"loc":{"start":{"line":121,"column":38},"end":{"line":161,"column":13}},"line":121},"21":{"name":"(anonymous_21)","decl":{"start":{"line":129,"column":69},"end":{"line":129,"column":70}},"loc":{"start":{"line":129,"column":78},"end":{"line":131,"column":25}},"line":129},"22":{"name":"(anonymous_22)","decl":{"start":{"line":132,"column":69},"end":{"line":132,"column":70}},"loc":{"start":{"line":132,"column":78},"end":{"line":134,"column":25}},"line":132},"23":{"name":"(anonymous_23)","decl":{"start":{"line":135,"column":73},"end":{"line":135,"column":74}},"loc":{"start":{"line":135,"column":82},"end":{"line":137,"column":25}},"line":135},"24":{"name":"(anonymous_24)","decl":{"start":{"line":138,"column":69},"end":{"line":138,"column":70}},"loc":{"start":{"line":138,"column":78},"end":{"line":140,"column":25}},"line":138},"25":{"name":"(anonymous_25)","decl":{"start":{"line":141,"column":69},"end":{"line":141,"column":70}},"loc":{"start":{"line":141,"column":78},"end":{"line":143,"column":25}},"line":141},"26":{"name":"(anonymous_26)","decl":{"start":{"line":145,"column":58},"end":{"line":145,"column":59}},"loc":{"start":{"line":145,"column":67},"end":{"line":147,"column":25}},"line":145},"27":{"name":"(anonymous_27)","decl":{"start":{"line":161,"column":21},"end":{"line":161,"column":22}},"loc":{"start":{"line":161,"column":35},"end":{"line":163,"column":13}},"line":161},"28":{"name":"(anonymous_28)","decl":{"start":{"line":171,"column":18},"end":{"line":171,"column":19}},"loc":{"start":{"line":171,"column":32},"end":{"line":181,"column":13}},"line":171},"29":{"name":"(anonymous_29)","decl":{"start":{"line":189,"column":18},"end":{"line":189,"column":19}},"loc":{"start":{"line":189,"column":32},"end":{"line":199,"column":13}},"line":189},"30":{"name":"(anonymous_30)","decl":{"start":{"line":207,"column":18},"end":{"line":207,"column":19}},"loc":{"start":{"line":207,"column":32},"end":{"line":212,"column":13}},"line":207},"31":{"name":"(anonymous_31)","decl":{"start":{"line":220,"column":18},"end":{"line":220,"column":19}},"loc":{"start":{"line":220,"column":32},"end":{"line":228,"column":13}},"line":220},"32":{"name":"(anonymous_32)","decl":{"start":{"line":222,"column":39},"end":{"line":222,"column":40}},"loc":{"start":{"line":222,"column":48},"end":{"line":222,"column":67}},"line":222},"33":{"name":"(anonymous_33)","decl":{"start":{"line":223,"column":39},"end":{"line":223,"column":40}},"loc":{"start":{"line":223,"column":48},"end":{"line":223,"column":68}},"line":223},"34":{"name":"(anonymous_34)","decl":{"start":{"line":236,"column":18},"end":{"line":236,"column":19}},"loc":{"start":{"line":236,"column":32},"end":{"line":244,"column":13}},"line":236},"35":{"name":"(anonymous_35)","decl":{"start":{"line":238,"column":39},"end":{"line":238,"column":40}},"loc":{"start":{"line":238,"column":48},"end":{"line":238,"column":67}},"line":238},"36":{"name":"(anonymous_36)","decl":{"start":{"line":239,"column":39},"end":{"line":239,"column":40}},"loc":{"start":{"line":239,"column":48},"end":{"line":239,"column":68}},"line":239},"37":{"name":"(anonymous_37)","decl":{"start":{"line":253,"column":18},"end":{"line":253,"column":19}},"loc":{"start":{"line":253,"column":32},"end":{"line":265,"column":13}},"line":253},"38":{"name":"(anonymous_38)","decl":{"start":{"line":259,"column":46},"end":{"line":259,"column":47}},"loc":{"start":{"line":259,"column":55},"end":{"line":259,"column":83}},"line":259},"39":{"name":"(anonymous_39)","decl":{"start":{"line":260,"column":46},"end":{"line":260,"column":47}},"loc":{"start":{"line":260,"column":55},"end":{"line":260,"column":75}},"line":260},"40":{"name":"(anonymous_40)","decl":{"start":{"line":261,"column":50},"end":{"line":261,"column":51}},"loc":{"start":{"line":261,"column":59},"end":{"line":261,"column":88}},"line":261},"41":{"name":"(anonymous_41)","decl":{"start":{"line":262,"column":50},"end":{"line":262,"column":51}},"loc":{"start":{"line":262,"column":59},"end":{"line":262,"column":79}},"line":262},"42":{"name":"(anonymous_42)","decl":{"start":{"line":269,"column":18},"end":{"line":269,"column":19}},"loc":{"start":{"line":269,"column":37},"end":{"line":278,"column":13}},"line":269},"43":{"name":"(anonymous_43)","decl":{"start":{"line":270,"column":62},"end":{"line":270,"column":63}},"loc":{"start":{"line":270,"column":77},"end":{"line":274,"column":17}},"line":270},"44":{"name":"(anonymous_44)","decl":{"start":{"line":291,"column":18},"end":{"line":291,"column":19}},"loc":{"start":{"line":291,"column":37},"end":{"line":331,"column":13}},"line":291},"45":{"name":"(anonymous_45)","decl":{"start":{"line":294,"column":56},"end":{"line":294,"column":57}},"loc":{"start":{"line":294,"column":71},"end":{"line":296,"column":17}},"line":294},"46":{"name":"(anonymous_46)","decl":{"start":{"line":298,"column":47},"end":{"line":298,"column":48}},"loc":{"start":{"line":298,"column":62},"end":{"line":300,"column":17}},"line":298},"47":{"name":"(anonymous_47)","decl":{"start":{"line":303,"column":57},"end":{"line":303,"column":58}},"loc":{"start":{"line":303,"column":72},"end":{"line":308,"column":17}},"line":303},"48":{"name":"(anonymous_48)","decl":{"start":{"line":310,"column":49},"end":{"line":310,"column":50}},"loc":{"start":{"line":310,"column":64},"end":{"line":312,"column":17}},"line":310},"49":{"name":"(anonymous_49)","decl":{"start":{"line":315,"column":45},"end":{"line":315,"column":46}},"loc":{"start":{"line":315,"column":55},"end":{"line":321,"column":17}},"line":315},"50":{"name":"(anonymous_50)","decl":{"start":{"line":317,"column":32},"end":{"line":317,"column":33}},"loc":{"start":{"line":317,"column":44},"end":{"line":319,"column":21}},"line":317},"51":{"name":"(anonymous_51)","decl":{"start":{"line":327,"column":40},"end":{"line":327,"column":41}},"loc":{"start":{"line":327,"column":48},"end":{"line":327,"column":62}},"line":327}},"branchMap":{"0":{"loc":{"start":{"line":5,"column":11},"end":{"line":5,"column":28}},"type":"binary-expr","locations":[{"start":{"line":5,"column":11},"end":{"line":5,"column":20}},{"start":{"line":5,"column":24},"end":{"line":5,"column":28}}],"line":5},"1":{"loc":{"start":{"line":6,"column":4},"end":{"line":8,"column":5}},"type":"if","locations":[{"start":{"line":6,"column":4},"end":{"line":8,"column":5}},{"start":{"line":6,"column":4},"end":{"line":8,"column":5}}],"line":6},"2":{"loc":{"start":{"line":10,"column":22},"end":{"line":10,"column":49}},"type":"binary-expr","locations":[{"start":{"line":10,"column":22},"end":{"line":10,"column":42}},{"start":{"line":10,"column":46},"end":{"line":10,"column":49}}],"line":10},"3":{"loc":{"start":{"line":11,"column":20},"end":{"line":11,"column":46}},"type":"binary-expr","locations":[{"start":{"line":11,"column":20},"end":{"line":11,"column":38}},{"start":{"line":11,"column":42},"end":{"line":11,"column":46}}],"line":11},"4":{"loc":{"start":{"line":22,"column":16},"end":{"line":22,"column":26}},"type":"cond-expr","locations":[{"start":{"line":22,"column":20},"end":{"line":22,"column":21}},{"start":{"line":22,"column":24},"end":{"line":22,"column":26}}],"line":22},"5":{"loc":{"start":{"line":32,"column":15},"end":{"line":32,"column":51}},"type":"binary-expr","locations":[{"start":{"line":32,"column":15},"end":{"line":32,"column":35}},{"start":{"line":32,"column":39},"end":{"line":32,"column":51}}],"line":32},"6":{"loc":{"start":{"line":37,"column":4},"end":{"line":37,"column":28}},"type":"if","locations":[{"start":{"line":37,"column":4},"end":{"line":37,"column":28}},{"start":{"line":37,"column":4},"end":{"line":37,"column":28}}],"line":37},"7":{"loc":{"start":{"line":40,"column":4},"end":{"line":42,"column":5}},"type":"if","locations":[{"start":{"line":40,"column":4},"end":{"line":42,"column":5}},{"start":{"line":40,"column":4},"end":{"line":42,"column":5}}],"line":40},"8":{"loc":{"start":{"line":118,"column":18},"end":{"line":118,"column":113}},"type":"cond-expr","locations":[{"start":{"line":118,"column":39},"end":{"line":118,"column":74}},{"start":{"line":118,"column":77},"end":{"line":118,"column":113}}],"line":118},"9":{"loc":{"start":{"line":126,"column":16},"end":{"line":159,"column":17}},"type":"if","locations":[{"start":{"line":126,"column":16},"end":{"line":159,"column":17}},{"start":{"line":126,"column":16},"end":{"line":159,"column":17}}],"line":126},"10":{"loc":{"start":{"line":129,"column":38},"end":{"line":131,"column":26}},"type":"binary-expr","locations":[{"start":{"line":129,"column":38},"end":{"line":129,"column":49}},{"start":{"line":129,"column":53},"end":{"line":131,"column":26}}],"line":129},"11":{"loc":{"start":{"line":132,"column":38},"end":{"line":134,"column":26}},"type":"binary-expr","locations":[{"start":{"line":132,"column":38},"end":{"line":132,"column":49}},{"start":{"line":132,"column":53},"end":{"line":134,"column":26}}],"line":132},"12":{"loc":{"start":{"line":135,"column":38},"end":{"line":137,"column":26}},"type":"binary-expr","locations":[{"start":{"line":135,"column":38},"end":{"line":135,"column":51}},{"start":{"line":135,"column":55},"end":{"line":137,"column":26}}],"line":135},"13":{"loc":{"start":{"line":138,"column":38},"end":{"line":140,"column":26}},"type":"binary-expr","locations":[{"start":{"line":138,"column":38},"end":{"line":138,"column":49}},{"start":{"line":138,"column":53},"end":{"line":140,"column":26}}],"line":138},"14":{"loc":{"start":{"line":141,"column":38},"end":{"line":143,"column":26}},"type":"binary-expr","locations":[{"start":{"line":141,"column":38},"end":{"line":141,"column":49}},{"start":{"line":141,"column":53},"end":{"line":143,"column":26}}],"line":141},"15":{"loc":{"start":{"line":144,"column":33},"end":{"line":144,"column":106}},"type":"binary-expr","locations":[{"start":{"line":144,"column":33},"end":{"line":144,"column":44}},{"start":{"line":144,"column":48},"end":{"line":144,"column":59}},{"start":{"line":144,"column":63},"end":{"line":144,"column":76}},{"start":{"line":144,"column":80},"end":{"line":144,"column":91}},{"start":{"line":144,"column":95},"end":{"line":144,"column":106}}],"line":144},"16":{"loc":{"start":{"line":145,"column":37},"end":{"line":147,"column":26}},"type":"binary-expr","locations":[{"start":{"line":145,"column":37},"end":{"line":145,"column":43}},{"start":{"line":145,"column":47},"end":{"line":147,"column":26}}],"line":145},"17":{"loc":{"start":{"line":166,"column":8},"end":{"line":168,"column":9}},"type":"if","locations":[{"start":{"line":166,"column":8},"end":{"line":168,"column":9}},{"start":{"line":166,"column":8},"end":{"line":168,"column":9}}],"line":166},"18":{"loc":{"start":{"line":167,"column":29},"end":{"line":167,"column":52}},"type":"binary-expr","locations":[{"start":{"line":167,"column":29},"end":{"line":167,"column":43}},{"start":{"line":167,"column":47},"end":{"line":167,"column":52}}],"line":167},"19":{"loc":{"start":{"line":175,"column":28},"end":{"line":175,"column":75}},"type":"cond-expr","locations":[{"start":{"line":175,"column":39},"end":{"line":175,"column":68}},{"start":{"line":175,"column":71},"end":{"line":175,"column":75}}],"line":175},"20":{"loc":{"start":{"line":176,"column":32},"end":{"line":176,"column":78}},"type":"cond-expr","locations":[{"start":{"line":176,"column":43},"end":{"line":176,"column":71}},{"start":{"line":176,"column":74},"end":{"line":176,"column":78}}],"line":176},"21":{"loc":{"start":{"line":184,"column":8},"end":{"line":186,"column":9}},"type":"if","locations":[{"start":{"line":184,"column":8},"end":{"line":186,"column":9}},{"start":{"line":184,"column":8},"end":{"line":186,"column":9}}],"line":184},"22":{"loc":{"start":{"line":185,"column":29},"end":{"line":185,"column":52}},"type":"binary-expr","locations":[{"start":{"line":185,"column":29},"end":{"line":185,"column":43}},{"start":{"line":185,"column":47},"end":{"line":185,"column":52}}],"line":185},"23":{"loc":{"start":{"line":191,"column":32},"end":{"line":191,"column":73}},"type":"cond-expr","locations":[{"start":{"line":191,"column":45},"end":{"line":191,"column":66}},{"start":{"line":191,"column":69},"end":{"line":191,"column":73}}],"line":191},"24":{"loc":{"start":{"line":192,"column":31},"end":{"line":192,"column":77}},"type":"cond-expr","locations":[{"start":{"line":192,"column":44},"end":{"line":192,"column":70}},{"start":{"line":192,"column":73},"end":{"line":192,"column":77}}],"line":192},"25":{"loc":{"start":{"line":193,"column":26},"end":{"line":193,"column":74}},"type":"cond-expr","locations":[{"start":{"line":193,"column":39},"end":{"line":193,"column":67}},{"start":{"line":193,"column":70},"end":{"line":193,"column":74}}],"line":193},"26":{"loc":{"start":{"line":202,"column":8},"end":{"line":204,"column":9}},"type":"if","locations":[{"start":{"line":202,"column":8},"end":{"line":204,"column":9}},{"start":{"line":202,"column":8},"end":{"line":204,"column":9}}],"line":202},"27":{"loc":{"start":{"line":203,"column":29},"end":{"line":203,"column":52}},"type":"binary-expr","locations":[{"start":{"line":203,"column":29},"end":{"line":203,"column":43}},{"start":{"line":203,"column":47},"end":{"line":203,"column":52}}],"line":203},"28":{"loc":{"start":{"line":208,"column":37},"end":{"line":208,"column":89}},"type":"binary-expr","locations":[{"start":{"line":208,"column":37},"end":{"line":208,"column":58}},{"start":{"line":208,"column":62},"end":{"line":208,"column":89}}],"line":208},"29":{"loc":{"start":{"line":215,"column":8},"end":{"line":217,"column":9}},"type":"if","locations":[{"start":{"line":215,"column":8},"end":{"line":217,"column":9}},{"start":{"line":215,"column":8},"end":{"line":217,"column":9}}],"line":215},"30":{"loc":{"start":{"line":216,"column":29},"end":{"line":216,"column":52}},"type":"binary-expr","locations":[{"start":{"line":216,"column":29},"end":{"line":216,"column":43}},{"start":{"line":216,"column":47},"end":{"line":216,"column":52}}],"line":216},"31":{"loc":{"start":{"line":231,"column":8},"end":{"line":233,"column":9}},"type":"if","locations":[{"start":{"line":231,"column":8},"end":{"line":233,"column":9}},{"start":{"line":231,"column":8},"end":{"line":233,"column":9}}],"line":231},"32":{"loc":{"start":{"line":232,"column":29},"end":{"line":232,"column":52}},"type":"binary-expr","locations":[{"start":{"line":232,"column":29},"end":{"line":232,"column":43}},{"start":{"line":232,"column":47},"end":{"line":232,"column":52}}],"line":232},"33":{"loc":{"start":{"line":248,"column":8},"end":{"line":250,"column":9}},"type":"if","locations":[{"start":{"line":248,"column":8},"end":{"line":250,"column":9}},{"start":{"line":248,"column":8},"end":{"line":250,"column":9}}],"line":248},"34":{"loc":{"start":{"line":249,"column":29},"end":{"line":249,"column":52}},"type":"binary-expr","locations":[{"start":{"line":249,"column":29},"end":{"line":249,"column":43}},{"start":{"line":249,"column":47},"end":{"line":249,"column":52}}],"line":249},"35":{"loc":{"start":{"line":281,"column":8},"end":{"line":284,"column":9}},"type":"if","locations":[{"start":{"line":281,"column":8},"end":{"line":284,"column":9}},{"start":{"line":281,"column":8},"end":{"line":284,"column":9}}],"line":281},"36":{"loc":{"start":{"line":282,"column":29},"end":{"line":282,"column":52}},"type":"binary-expr","locations":[{"start":{"line":282,"column":29},"end":{"line":282,"column":43}},{"start":{"line":282,"column":47},"end":{"line":282,"column":52}}],"line":282},"37":{"loc":{"start":{"line":285,"column":8},"end":{"line":288,"column":9}},"type":"if","locations":[{"start":{"line":285,"column":8},"end":{"line":288,"column":9}},{"start":{"line":285,"column":8},"end":{"line":288,"column":9}}],"line":285},"38":{"loc":{"start":{"line":304,"column":20},"end":{"line":307,"column":21}},"type":"if","locations":[{"start":{"line":304,"column":20},"end":{"line":307,"column":21}},{"start":{"line":304,"column":20},"end":{"line":307,"column":21}}],"line":304}},"s":{"0":1,"1":0,"2":0,"3":0,"4":0,"5":0,"6":0,"7":0,"8":0,"9":0,"10":0,"11":0,"12":0,"13":0,"14":0,"15":0,"16":0,"17":0,"18":0,"19":0,"20":1,"21":0,"22":0,"23":0,"24":0,"25":0,"26":0,"27":0,"28":0,"29":0,"30":0,"31":0,"32":0,"33":1,"34":0,"35":0,"36":0,"37":0,"38":0,"39":0,"40":0,"41":0,"42":0,"43":0,"44":0,"45":0,"46":0,"47":0,"48":0,"49":0,"50":0,"51":0,"52":0,"53":0,"54":0,"55":0,"56":0,"57":0,"58":0,"59":0,"60":0,"61":0,"62":0,"63":0,"64":0,"65":0,"66":0,"67":0,"68":0,"69":0,"70":0,"71":0,"72":0,"73":0,"74":0,"75":0,"76":0,"77":0,"78":0,"79":0,"80":0,"81":0,"82":0,"83":0,"84":0,"85":0,"86":0,"87":0,"88":0,"89":0,"90":0,"91":0,"92":0,"93":0,"94":0,"95":0,"96":0,"97":0,"98":0,"99":0,"100":0,"101":0,"102":0,"103":0,"104":0,"105":0,"106":0,"107":0,"108":0,"109":0,"110":0,"111":0,"112":0,"113":0,"114":0,"115":0,"116":0,"117":0,"118":0,"119":0,"120":0,"121":0,"122":0,"123":0,"124":0,"125":0,"126":0,"127":0,"128":0,"129":0,"130":0,"131":0,"132":0,"133":0,"134":0,"135":0,"136":0,"137":0,"138":0,"139":0,"140":0,"141":0,"142":0,"143":0,"144":0,"145":0,"146":0,"147":0,"148":0,"149":0,"150":0,"151":0,"152":0,"153":0,"154":0,"155":0,"156":0,"157":0,"158":0,"159":0,"160":0,"161":0,"162":0,"163":0,"164":0,"165":0,"166":0,"167":0,"168":0,"169":0,"170":0,"171":0,"172":0,"173":0,"174":0,"175":0,"176":0,"177":0,"178":0,"179":0,"180":0,"181":0,"182":0,"183":0,"184":0,"185":0,"186":0,"187":0,"188":0,"189":0,"190":0,"191":0,"192":0,"193":0,"194":0,"195":0,"196":0,"197":0},"f":{"0":0,"1":0,"2":0,"3":0,"4":0,"5":0,"6":0,"7":0,"8":0,"9":0,"10":0,"11":0,"12":0,"13":0,"14":0,"15":0,"16":0,"17":0,"18":0,"19":0,"20":0,"21":0,"22":0,"23":0,"24":0,"25":0,"26":0,"27":0,"28":0,"29":0,"30":0,"31":0,"32":0,"33":0,"34":0,"35":0,"36":0,"37":0,"38":0,"39":0,"40":0,"41":0,"42":0,"43":0,"44":0,"45":0,"46":0,"47":0,"48":0,"49":0,"50":0,"51":0},"b":{"0":[0,0],"1":[0,0],"2":[0,0],"3":[0,0],"4":[0,0],"5":[0,0],"6":[0,0],"7":[0,0],"8":[0,0],"9":[0,0],"10":[0,0],"11":[0,0],"12":[0,0],"13":[0,0],"14":[0,0],"15":[0,0,0,0,0],"16":[0,0],"17":[0,0],"18":[0,0],"19":[0,0],"20":[0,0],"21":[0,0],"22":[0,0],"23":[0,0],"24":[0,0],"25":[0,0],"26":[0,0],"27":[0,0],"28":[0,0],"29":[0,0],"30":[0,0],"31":[0,0],"32":[0,0],"33":[0,0],"34":[0,0],"35":[0,0],"36":[0,0],"37":[0,0],"38":[0,0]},"_coverageSchema":"332fd63041d2c1bcb487cc26dd0d5f7d97098a6c","hash":"9027712356ca7299c8636e1e53840d50f8605991"}
,"C:\\Users\\pankaj.kumar\\Saved Games\\QA\\v1.1\\client\\actions\\AppActions.js": {"path":"C:\\Users\\pankaj.kumar\\Saved Games\\QA\\v1.1\\client\\actions\\AppActions.js","statementMap":{"0":{"start":{"line":7,"column":8},"end":{"line":7,"column":37}},"1":{"start":{"line":11,"column":19},"end":{"line":11,"column":23}},"2":{"start":{"line":12,"column":8},"end":{"line":22,"column":11}},"3":{"start":{"line":13,"column":23},"end":{"line":13,"column":31}},"4":{"start":{"line":14,"column":12},"end":{"line":19,"column":14}},"5":{"start":{"line":21,"column":12},"end":{"line":21,"column":31}},"6":{"start":{"line":25,"column":19},"end":{"line":25,"column":23}},"7":{"start":{"line":26,"column":8},"end":{"line":36,"column":11}},"8":{"start":{"line":28,"column":16},"end":{"line":28,"column":48}},"9":{"start":{"line":29,"column":16},"end":{"line":33,"column":18}},"10":{"start":{"line":35,"column":12},"end":{"line":35,"column":31}},"11":{"start":{"line":40,"column":19},"end":{"line":40,"column":23}},"12":{"start":{"line":41,"column":8},"end":{"line":50,"column":11}},"13":{"start":{"line":43,"column":16},"end":{"line":47,"column":18}},"14":{"start":{"line":49,"column":12},"end":{"line":49,"column":31}},"15":{"start":{"line":53,"column":19},"end":{"line":53,"column":23}},"16":{"start":{"line":54,"column":8},"end":{"line":63,"column":11}},"17":{"start":{"line":56,"column":16},"end":{"line":60,"column":18}},"18":{"start":{"line":62,"column":12},"end":{"line":62,"column":31}},"19":{"start":{"line":66,"column":19},"end":{"line":66,"column":23}},"20":{"start":{"line":67,"column":8},"end":{"line":76,"column":11}},"21":{"start":{"line":69,"column":16},"end":{"line":73,"column":18}},"22":{"start":{"line":75,"column":12},"end":{"line":75,"column":31}},"23":{"start":{"line":79,"column":8},"end":{"line":84,"column":10}},"24":{"start":{"line":85,"column":19},"end":{"line":85,"column":23}},"25":{"start":{"line":86,"column":8},"end":{"line":118,"column":11}},"26":{"start":{"line":88,"column":16},"end":{"line":88,"column":49}},"27":{"start":{"line":91,"column":24},"end":{"line":91,"column":88}},"28":{"start":{"line":91,"column":58},"end":{"line":91,"column":87}},"29":{"start":{"line":93,"column":25},"end":{"line":95,"column":18}},"30":{"start":{"line":94,"column":20},"end":{"line":94,"column":38}},"31":{"start":{"line":96,"column":27},"end":{"line":99,"column":17}},"32":{"start":{"line":100,"column":25},"end":{"line":100,"column":27}},"33":{"start":{"line":101,"column":16},"end":{"line":115,"column":23}},"34":{"start":{"line":103,"column":24},"end":{"line":105,"column":27}},"35":{"start":{"line":104,"column":28},"end":{"line":104,"column":86}},"36":{"start":{"line":106,"column":24},"end":{"line":114,"column":27}},"37":{"start":{"line":111,"column":45},"end":{"line":111,"column":59}},"38":{"start":{"line":117,"column":12},"end":{"line":117,"column":31}},"39":{"start":{"line":121,"column":8},"end":{"line":126,"column":10}},"40":{"start":{"line":127,"column":19},"end":{"line":127,"column":23}},"41":{"start":{"line":128,"column":8},"end":{"line":139,"column":11}},"42":{"start":{"line":129,"column":12},"end":{"line":136,"column":14}},"43":{"start":{"line":138,"column":12},"end":{"line":138,"column":31}},"44":{"start":{"line":143,"column":8},"end":{"line":146,"column":10}},"45":{"start":{"line":161,"column":19},"end":{"line":161,"column":23}},"46":{"start":{"line":162,"column":8},"end":{"line":168,"column":10}},"47":{"start":{"line":170,"column":8},"end":{"line":191,"column":11}},"48":{"start":{"line":171,"column":12},"end":{"line":187,"column":13}},"49":{"start":{"line":172,"column":16},"end":{"line":178,"column":18}},"50":{"start":{"line":180,"column":16},"end":{"line":186,"column":19}},"51":{"start":{"line":189,"column":12},"end":{"line":189,"column":29}},"52":{"start":{"line":190,"column":12},"end":{"line":190,"column":41}},"53":{"start":{"line":195,"column":8},"end":{"line":200,"column":11}},"54":{"start":{"line":203,"column":8},"end":{"line":203,"column":44}},"55":{"start":{"line":204,"column":8},"end":{"line":207,"column":10}},"56":{"start":{"line":213,"column":8},"end":{"line":216,"column":11}},"57":{"start":{"line":213,"column":27},"end":{"line":216,"column":10}},"58":{"start":{"line":220,"column":8},"end":{"line":222,"column":11}},"59":{"start":{"line":220,"column":27},"end":{"line":222,"column":10}},"60":{"start":{"line":229,"column":25},"end":{"line":232,"column":2}},"61":{"start":{"line":229,"column":32},"end":{"line":232,"column":1}},"62":{"start":{"line":234,"column":29},"end":{"line":237,"column":2}},"63":{"start":{"line":234,"column":42},"end":{"line":237,"column":1}},"64":{"start":{"line":238,"column":33},"end":{"line":241,"column":2}},"65":{"start":{"line":238,"column":51},"end":{"line":241,"column":1}},"66":{"start":{"line":242,"column":40},"end":{"line":245,"column":1}},"67":{"start":{"line":242,"column":79},"end":{"line":245,"column":1}},"68":{"start":{"line":243,"column":4},"end":{"line":243,"column":36}},"69":{"start":{"line":244,"column":4},"end":{"line":244,"column":70}},"70":{"start":{"line":246,"column":32},"end":{"line":251,"column":1}},"71":{"start":{"line":246,"column":62},"end":{"line":251,"column":1}},"72":{"start":{"line":247,"column":4},"end":{"line":250,"column":6}},"73":{"start":{"line":248,"column":8},"end":{"line":248,"column":51}},"74":{"start":{"line":249,"column":8},"end":{"line":249,"column":90}},"75":{"start":{"line":254,"column":26},"end":{"line":257,"column":2}},"76":{"start":{"line":254,"column":34},"end":{"line":257,"column":1}},"77":{"start":{"line":259,"column":43},"end":{"line":262,"column":1}},"78":{"start":{"line":259,"column":79},"end":{"line":262,"column":1}},"79":{"start":{"line":260,"column":4},"end":{"line":260,"column":30}},"80":{"start":{"line":261,"column":4},"end":{"line":261,"column":83}},"81":{"start":{"line":261,"column":45},"end":{"line":261,"column":81}},"82":{"start":{"line":264,"column":29},"end":{"line":267,"column":2}},"83":{"start":{"line":264,"column":38},"end":{"line":267,"column":1}},"84":{"start":{"line":268,"column":37},"end":{"line":273,"column":1}},"85":{"start":{"line":268,"column":76},"end":{"line":273,"column":1}},"86":{"start":{"line":269,"column":4},"end":{"line":272,"column":6}},"87":{"start":{"line":270,"column":8},"end":{"line":270,"column":38}},"88":{"start":{"line":271,"column":8},"end":{"line":271,"column":88}},"89":{"start":{"line":271,"column":49},"end":{"line":271,"column":86}},"90":{"start":{"line":275,"column":23},"end":{"line":278,"column":2}},"91":{"start":{"line":275,"column":32},"end":{"line":278,"column":1}},"92":{"start":{"line":280,"column":41},"end":{"line":284,"column":1}},"93":{"start":{"line":280,"column":70},"end":{"line":284,"column":1}},"94":{"start":{"line":281,"column":4},"end":{"line":281,"column":80}},"95":{"start":{"line":282,"column":4},"end":{"line":282,"column":77}},"96":{"start":{"line":282,"column":45},"end":{"line":282,"column":74}}},"fnMap":{"0":{"name":"(anonymous_0)","decl":{"start":{"line":6,"column":4},"end":{"line":6,"column":5}},"loc":{"start":{"line":6,"column":27},"end":{"line":8,"column":5}},"line":6},"1":{"name":"(anonymous_1)","decl":{"start":{"line":10,"column":4},"end":{"line":10,"column":5}},"loc":{"start":{"line":10,"column":20},"end":{"line":23,"column":5}},"line":10},"2":{"name":"(anonymous_2)","decl":{"start":{"line":12,"column":37},"end":{"line":12,"column":38}},"loc":{"start":{"line":12,"column":44},"end":{"line":20,"column":9}},"line":12},"3":{"name":"(anonymous_3)","decl":{"start":{"line":20,"column":17},"end":{"line":20,"column":18}},"loc":{"start":{"line":20,"column":31},"end":{"line":22,"column":9}},"line":20},"4":{"name":"(anonymous_4)","decl":{"start":{"line":24,"column":4},"end":{"line":24,"column":5}},"loc":{"start":{"line":24,"column":19},"end":{"line":37,"column":5}},"line":24},"5":{"name":"(anonymous_5)","decl":{"start":{"line":27,"column":18},"end":{"line":27,"column":19}},"loc":{"start":{"line":27,"column":37},"end":{"line":34,"column":13}},"line":27},"6":{"name":"(anonymous_6)","decl":{"start":{"line":34,"column":21},"end":{"line":34,"column":22}},"loc":{"start":{"line":34,"column":35},"end":{"line":36,"column":9}},"line":34},"7":{"name":"(anonymous_7)","decl":{"start":{"line":39,"column":4},"end":{"line":39,"column":5}},"loc":{"start":{"line":39,"column":22},"end":{"line":51,"column":5}},"line":39},"8":{"name":"(anonymous_8)","decl":{"start":{"line":42,"column":18},"end":{"line":42,"column":19}},"loc":{"start":{"line":42,"column":37},"end":{"line":48,"column":13}},"line":42},"9":{"name":"(anonymous_9)","decl":{"start":{"line":48,"column":21},"end":{"line":48,"column":22}},"loc":{"start":{"line":48,"column":35},"end":{"line":50,"column":9}},"line":48},"10":{"name":"(anonymous_10)","decl":{"start":{"line":52,"column":4},"end":{"line":52,"column":5}},"loc":{"start":{"line":52,"column":20},"end":{"line":64,"column":5}},"line":52},"11":{"name":"(anonymous_11)","decl":{"start":{"line":55,"column":18},"end":{"line":55,"column":19}},"loc":{"start":{"line":55,"column":37},"end":{"line":61,"column":13}},"line":55},"12":{"name":"(anonymous_12)","decl":{"start":{"line":61,"column":21},"end":{"line":61,"column":22}},"loc":{"start":{"line":61,"column":35},"end":{"line":63,"column":9}},"line":61},"13":{"name":"(anonymous_13)","decl":{"start":{"line":65,"column":4},"end":{"line":65,"column":5}},"loc":{"start":{"line":65,"column":22},"end":{"line":77,"column":5}},"line":65},"14":{"name":"(anonymous_14)","decl":{"start":{"line":68,"column":18},"end":{"line":68,"column":19}},"loc":{"start":{"line":68,"column":37},"end":{"line":74,"column":13}},"line":68},"15":{"name":"(anonymous_15)","decl":{"start":{"line":74,"column":21},"end":{"line":74,"column":22}},"loc":{"start":{"line":74,"column":35},"end":{"line":76,"column":9}},"line":74},"16":{"name":"(anonymous_16)","decl":{"start":{"line":78,"column":4},"end":{"line":78,"column":5}},"loc":{"start":{"line":78,"column":34},"end":{"line":119,"column":5}},"line":78},"17":{"name":"(anonymous_17)","decl":{"start":{"line":87,"column":18},"end":{"line":87,"column":19}},"loc":{"start":{"line":87,"column":37},"end":{"line":116,"column":13}},"line":87},"18":{"name":"(anonymous_18)","decl":{"start":{"line":91,"column":50},"end":{"line":91,"column":51}},"loc":{"start":{"line":91,"column":58},"end":{"line":91,"column":87}},"line":91},"19":{"name":"(anonymous_19)","decl":{"start":{"line":93,"column":51},"end":{"line":93,"column":52}},"loc":{"start":{"line":93,"column":66},"end":{"line":95,"column":17}},"line":93},"20":{"name":"(anonymous_20)","decl":{"start":{"line":102,"column":26},"end":{"line":102,"column":27}},"loc":{"start":{"line":102,"column":45},"end":{"line":115,"column":21}},"line":102},"21":{"name":"(anonymous_21)","decl":{"start":{"line":103,"column":50},"end":{"line":103,"column":51}},"loc":{"start":{"line":103,"column":65},"end":{"line":105,"column":25}},"line":103},"22":{"name":"(anonymous_22)","decl":{"start":{"line":111,"column":37},"end":{"line":111,"column":38}},"loc":{"start":{"line":111,"column":45},"end":{"line":111,"column":59}},"line":111},"23":{"name":"(anonymous_23)","decl":{"start":{"line":116,"column":21},"end":{"line":116,"column":22}},"loc":{"start":{"line":116,"column":35},"end":{"line":118,"column":9}},"line":116},"24":{"name":"(anonymous_24)","decl":{"start":{"line":120,"column":4},"end":{"line":120,"column":5}},"loc":{"start":{"line":120,"column":25},"end":{"line":140,"column":5}},"line":120},"25":{"name":"(anonymous_25)","decl":{"start":{"line":128,"column":43},"end":{"line":128,"column":44}},"loc":{"start":{"line":128,"column":50},"end":{"line":137,"column":9}},"line":128},"26":{"name":"(anonymous_26)","decl":{"start":{"line":137,"column":17},"end":{"line":137,"column":18}},"loc":{"start":{"line":137,"column":31},"end":{"line":139,"column":9}},"line":137},"27":{"name":"(anonymous_27)","decl":{"start":{"line":142,"column":4},"end":{"line":142,"column":5}},"loc":{"start":{"line":142,"column":25},"end":{"line":147,"column":5}},"line":142},"28":{"name":"(anonymous_28)","decl":{"start":{"line":160,"column":4},"end":{"line":160,"column":5}},"loc":{"start":{"line":160,"column":34},"end":{"line":193,"column":5}},"line":160},"29":{"name":"(anonymous_29)","decl":{"start":{"line":170,"column":40},"end":{"line":170,"column":41}},"loc":{"start":{"line":170,"column":48},"end":{"line":188,"column":9}},"line":170},"30":{"name":"(anonymous_30)","decl":{"start":{"line":188,"column":17},"end":{"line":188,"column":18}},"loc":{"start":{"line":188,"column":31},"end":{"line":191,"column":9}},"line":188},"31":{"name":"(anonymous_31)","decl":{"start":{"line":194,"column":4},"end":{"line":194,"column":5}},"loc":{"start":{"line":194,"column":42},"end":{"line":201,"column":5}},"line":194},"32":{"name":"(anonymous_32)","decl":{"start":{"line":202,"column":4},"end":{"line":202,"column":5}},"loc":{"start":{"line":202,"column":25},"end":{"line":208,"column":5}},"line":202},"33":{"name":"(anonymous_33)","decl":{"start":{"line":212,"column":4},"end":{"line":212,"column":5}},"loc":{"start":{"line":212,"column":36},"end":{"line":217,"column":5}},"line":212},"34":{"name":"(anonymous_34)","decl":{"start":{"line":213,"column":15},"end":{"line":213,"column":16}},"loc":{"start":{"line":213,"column":27},"end":{"line":216,"column":10}},"line":213},"35":{"name":"(anonymous_35)","decl":{"start":{"line":219,"column":4},"end":{"line":219,"column":5}},"loc":{"start":{"line":219,"column":24},"end":{"line":223,"column":5}},"line":219},"36":{"name":"(anonymous_36)","decl":{"start":{"line":220,"column":15},"end":{"line":220,"column":16}},"loc":{"start":{"line":220,"column":27},"end":{"line":222,"column":10}},"line":220},"37":{"name":"(anonymous_37)","decl":{"start":{"line":229,"column":25},"end":{"line":229,"column":26}},"loc":{"start":{"line":229,"column":32},"end":{"line":232,"column":1}},"line":229},"38":{"name":"(anonymous_38)","decl":{"start":{"line":234,"column":29},"end":{"line":234,"column":30}},"loc":{"start":{"line":234,"column":42},"end":{"line":237,"column":1}},"line":234},"39":{"name":"(anonymous_39)","decl":{"start":{"line":238,"column":33},"end":{"line":238,"column":34}},"loc":{"start":{"line":238,"column":51},"end":{"line":241,"column":1}},"line":238},"40":{"name":"(anonymous_40)","decl":{"start":{"line":242,"column":40},"end":{"line":242,"column":41}},"loc":{"start":{"line":242,"column":79},"end":{"line":245,"column":1}},"line":242},"41":{"name":"(anonymous_41)","decl":{"start":{"line":242,"column":79},"end":{"line":242,"column":80}},"loc":{"start":{"line":242,"column":93},"end":{"line":245,"column":1}},"line":242},"42":{"name":"(anonymous_42)","decl":{"start":{"line":246,"column":32},"end":{"line":246,"column":33}},"loc":{"start":{"line":246,"column":62},"end":{"line":251,"column":1}},"line":246},"43":{"name":"(anonymous_43)","decl":{"start":{"line":246,"column":62},"end":{"line":246,"column":63}},"loc":{"start":{"line":246,"column":74},"end":{"line":251,"column":1}},"line":246},"44":{"name":"(anonymous_44)","decl":{"start":{"line":247,"column":36},"end":{"line":247,"column":37}},"loc":{"start":{"line":247,"column":53},"end":{"line":250,"column":5}},"line":247},"45":{"name":"(anonymous_45)","decl":{"start":{"line":254,"column":26},"end":{"line":254,"column":27}},"loc":{"start":{"line":254,"column":34},"end":{"line":257,"column":1}},"line":254},"46":{"name":"(anonymous_46)","decl":{"start":{"line":259,"column":43},"end":{"line":259,"column":44}},"loc":{"start":{"line":259,"column":79},"end":{"line":262,"column":1}},"line":259},"47":{"name":"(anonymous_47)","decl":{"start":{"line":259,"column":79},"end":{"line":259,"column":80}},"loc":{"start":{"line":259,"column":91},"end":{"line":262,"column":1}},"line":259},"48":{"name":"(anonymous_48)","decl":{"start":{"line":261,"column":27},"end":{"line":261,"column":28}},"loc":{"start":{"line":261,"column":44},"end":{"line":261,"column":82}},"line":261},"49":{"name":"(anonymous_49)","decl":{"start":{"line":264,"column":29},"end":{"line":264,"column":30}},"loc":{"start":{"line":264,"column":38},"end":{"line":267,"column":1}},"line":264},"50":{"name":"(anonymous_50)","decl":{"start":{"line":268,"column":37},"end":{"line":268,"column":38}},"loc":{"start":{"line":268,"column":76},"end":{"line":273,"column":1}},"line":268},"51":{"name":"(anonymous_51)","decl":{"start":{"line":268,"column":76},"end":{"line":268,"column":77}},"loc":{"start":{"line":268,"column":90},"end":{"line":273,"column":1}},"line":268},"52":{"name":"(anonymous_52)","decl":{"start":{"line":269,"column":48},"end":{"line":269,"column":49}},"loc":{"start":{"line":269,"column":57},"end":{"line":272,"column":5}},"line":269},"53":{"name":"(anonymous_53)","decl":{"start":{"line":271,"column":31},"end":{"line":271,"column":32}},"loc":{"start":{"line":271,"column":48},"end":{"line":271,"column":87}},"line":271},"54":{"name":"(anonymous_54)","decl":{"start":{"line":275,"column":23},"end":{"line":275,"column":24}},"loc":{"start":{"line":275,"column":32},"end":{"line":278,"column":1}},"line":275},"55":{"name":"(anonymous_55)","decl":{"start":{"line":280,"column":41},"end":{"line":280,"column":42}},"loc":{"start":{"line":280,"column":70},"end":{"line":284,"column":1}},"line":280},"56":{"name":"(anonymous_56)","decl":{"start":{"line":280,"column":70},"end":{"line":280,"column":71}},"loc":{"start":{"line":280,"column":82},"end":{"line":284,"column":1}},"line":280},"57":{"name":"(anonymous_57)","decl":{"start":{"line":282,"column":27},"end":{"line":282,"column":28}},"loc":{"start":{"line":282,"column":44},"end":{"line":282,"column":75}},"line":282}},"branchMap":{"0":{"loc":{"start":{"line":171,"column":12},"end":{"line":187,"column":13}},"type":"if","locations":[{"start":{"line":171,"column":12},"end":{"line":187,"column":13}},{"start":{"line":171,"column":12},"end":{"line":187,"column":13}}],"line":171}},"s":{"0":0,"1":0,"2":0,"3":0,"4":0,"5":0,"6":0,"7":0,"8":0,"9":0,"10":0,"11":0,"12":0,"13":0,"14":0,"15":0,"16":0,"17":0,"18":0,"19":0,"20":0,"21":0,"22":0,"23":0,"24":0,"25":0,"26":0,"27":0,"28":0,"29":0,"30":0,"31":0,"32":0,"33":0,"34":0,"35":0,"36":0,"37":0,"38":0,"39":0,"40":0,"41":0,"42":0,"43":0,"44":0,"45":0,"46":0,"47":0,"48":0,"49":0,"50":0,"51":0,"52":0,"53":0,"54":0,"55":0,"56":0,"57":0,"58":0,"59":0,"60":1,"61":0,"62":1,"63":0,"64":1,"65":0,"66":1,"67":0,"68":0,"69":0,"70":1,"71":0,"72":0,"73":0,"74":0,"75":1,"76":0,"77":1,"78":0,"79":0,"80":0,"81":0,"82":1,"83":0,"84":1,"85":0,"86":0,"87":0,"88":0,"89":0,"90":1,"91":0,"92":1,"93":0,"94":0,"95":0,"96":0},"f":{"0":0,"1":0,"2":0,"3":0,"4":0,"5":0,"6":0,"7":0,"8":0,"9":0,"10":0,"11":0,"12":0,"13":0,"14":0,"15":0,"16":0,"17":0,"18":0,"19":0,"20":0,"21":0,"22":0,"23":0,"24":0,"25":0,"26":0,"27":0,"28":0,"29":0,"30":0,"31":0,"32":0,"33":0,"34":0,"35":0,"36":0,"37":0,"38":0,"39":0,"40":0,"41":0,"42":0,"43":0,"44":0,"45":0,"46":0,"47":0,"48":0,"49":0,"50":0,"51":0,"52":0,"53":0,"54":0,"55":0,"56":0,"57":0},"b":{"0":[0,0]},"_coverageSchema":"332fd63041d2c1bcb487cc26dd0d5f7d97098a6c","hash":"924b09c8f87462b73258a5bf4182be1f22ef3254"}
,"C:\\Users\\pankaj.kumar\\Saved Games\\QA\\v1.1\\client\\constants\\AppConstants.js": {"path":"C:\\Users\\pankaj.kumar\\Saved Games\\QA\\v1.1\\client\\constants\\AppConstants.js","statementMap":{"0":{"start":{"line":1,"column":18},"end":{"line":64,"column":1}}},"fnMap":{},"branchMap":{},"s":{"0":1},"f":{},"b":{},"_coverageSchema":"332fd63041d2c1bcb487cc26dd0d5f7d97098a6c","hash":"4e51299773b9f908750a7b035c808142dc799fd6"}
,"C:\\Users\\pankaj.kumar\\Saved Games\\QA\\v1.1\\client\\containers\\admin\\contracts\\ContractsReducers.js": {"path":"C:\\Users\\pankaj.kumar\\Saved Games\\QA\\v1.1\\client\\containers\\admin\\contracts\\ContractsReducers.js","statementMap":{"0":{"start":{"line":3,"column":22},"end":{"line":65,"column":1}},"1":{"start":{"line":35,"column":4},"end":{"line":64,"column":5}},"2":{"start":{"line":37,"column":12},"end":{"line":37,"column":72}},"3":{"start":{"line":39,"column":12},"end":{"line":39,"column":122}},"4":{"start":{"line":41,"column":12},"end":{"line":41,"column":80}},"5":{"start":{"line":43,"column":12},"end":{"line":43,"column":140}},"6":{"start":{"line":45,"column":12},"end":{"line":45,"column":101}},"7":{"start":{"line":47,"column":12},"end":{"line":47,"column":84}},"8":{"start":{"line":49,"column":12},"end":{"line":49,"column":88}},"9":{"start":{"line":51,"column":12},"end":{"line":51,"column":84}},"10":{"start":{"line":53,"column":12},"end":{"line":53,"column":87}},"11":{"start":{"line":55,"column":12},"end":{"line":55,"column":92}},"12":{"start":{"line":57,"column":12},"end":{"line":57,"column":24}}},"fnMap":{"0":{"name":"(anonymous_0)","decl":{"start":{"line":3,"column":22},"end":{"line":3,"column":23}},"loc":{"start":{"line":34,"column":34},"end":{"line":65,"column":1}},"line":34}},"branchMap":{"0":{"loc":{"start":{"line":4,"column":4},"end":{"line":32,"column":5}},"type":"default-arg","locations":[{"start":{"line":4,"column":12},"end":{"line":32,"column":5}}],"line":4},"1":{"loc":{"start":{"line":35,"column":4},"end":{"line":64,"column":5}},"type":"switch","locations":[{"start":{"line":36,"column":8},"end":{"line":37,"column":72}},{"start":{"line":38,"column":8},"end":{"line":39,"column":122}},{"start":{"line":40,"column":8},"end":{"line":41,"column":80}},{"start":{"line":42,"column":8},"end":{"line":43,"column":140}},{"start":{"line":44,"column":8},"end":{"line":45,"column":101}},{"start":{"line":46,"column":8},"end":{"line":47,"column":84}},{"start":{"line":48,"column":8},"end":{"line":49,"column":88}},{"start":{"line":50,"column":8},"end":{"line":51,"column":84}},{"start":{"line":52,"column":8},"end":{"line":53,"column":87}},{"start":{"line":54,"column":8},"end":{"line":55,"column":92}},{"start":{"line":56,"column":8},"end":{"line":57,"column":24}}],"line":35}},"s":{"0":1,"1":4,"2":3,"3":0,"4":0,"5":0,"6":0,"7":0,"8":0,"9":0,"10":0,"11":0,"12":1},"f":{"0":4},"b":{"0":[4],"1":[3,0,0,0,0,0,0,0,0,0,1]},"_coverageSchema":"332fd63041d2c1bcb487cc26dd0d5f7d97098a6c","hash":"8cbcb5f7c69fb9e054845f0081661d1521cb9ede"}
,"C:\\Users\\pankaj.kumar\\Saved Games\\QA\\v1.1\\client\\containers\\admin\\contracts\\CreateContract.js": {"path":"C:\\Users\\pankaj.kumar\\Saved Games\\QA\\v1.1\\client\\containers\\admin\\contracts\\CreateContract.js","statementMap":{"0":{"start":{"line":12,"column":8},"end":{"line":12,"column":20}},"1":{"start":{"line":14,"column":8},"end":{"line":16,"column":9}},"2":{"start":{"line":18,"column":8},"end":{"line":18,"column":51}},"3":{"start":{"line":22,"column":8},"end":{"line":26,"column":9}},"4":{"start":{"line":23,"column":12},"end":{"line":23,"column":41}},"5":{"start":{"line":25,"column":12},"end":{"line":25,"column":41}},"6":{"start":{"line":31,"column":27},"end":{"line":35,"column":9}},"7":{"start":{"line":32,"column":23},"end":{"line":34,"column":14}},"8":{"start":{"line":36,"column":8},"end":{"line":54,"column":9}},"9":{"start":{"line":61,"column":8},"end":{"line":79,"column":9}},"10":{"start":{"line":86,"column":0},"end":{"line":92,"column":2}},"11":{"start":{"line":95,"column":32},"end":{"line":95,"column":37}}},"fnMap":{"0":{"name":"(anonymous_0)","decl":{"start":{"line":11,"column":4},"end":{"line":11,"column":5}},"loc":{"start":{"line":11,"column":23},"end":{"line":19,"column":5}},"line":11},"1":{"name":"(anonymous_1)","decl":{"start":{"line":21,"column":4},"end":{"line":21,"column":5}},"loc":{"start":{"line":21,"column":16},"end":{"line":27,"column":5}},"line":21},"2":{"name":"(anonymous_2)","decl":{"start":{"line":30,"column":4},"end":{"line":30,"column":5}},"loc":{"start":{"line":30,"column":13},"end":{"line":55,"column":5}},"line":30},"3":{"name":"(anonymous_3)","decl":{"start":{"line":32,"column":12},"end":{"line":32,"column":13}},"loc":{"start":{"line":32,"column":23},"end":{"line":34,"column":14}},"line":32},"4":{"name":"(anonymous_4)","decl":{"start":{"line":60,"column":4},"end":{"line":60,"column":5}},"loc":{"start":{"line":60,"column":13},"end":{"line":80,"column":5}},"line":60},"5":{"name":"(anonymous_5)","decl":{"start":{"line":95,"column":23},"end":{"line":95,"column":24}},"loc":{"start":{"line":95,"column":32},"end":{"line":95,"column":37}},"line":95}},"branchMap":{"0":{"loc":{"start":{"line":22,"column":8},"end":{"line":26,"column":9}},"type":"if","locations":[{"start":{"line":22,"column":8},"end":{"line":26,"column":9}},{"start":{"line":22,"column":8},"end":{"line":26,"column":9}}],"line":22}},"s":{"0":0,"1":0,"2":0,"3":0,"4":0,"5":0,"6":0,"7":0,"8":0,"9":0,"10":1,"11":0},"f":{"0":0,"1":0,"2":0,"3":0,"4":0,"5":0},"b":{"0":[0,0]},"_coverageSchema":"332fd63041d2c1bcb487cc26dd0d5f7d97098a6c","hash":"0a46d08624ec64266470e11483f3427aaa8f6752"}
}
