TN:
SF:C:\Users\pankaj.kumar\Saved Games\QA\v1.1\client\Utils\utils.js
FN:3,(anonymous_0)
FN:18,(anonymous_1)
FN:21,(anonymous_2)
FN:30,(anonymous_3)
FN:52,(anonymous_4)
FN:57,(anonymous_5)
FN:59,(anonymous_6)
FN:67,(anonymous_7)
FN:69,(anonymous_8)
FN:71,(anonymous_9)
FN:80,(anonymous_10)
FN:82,(anonymous_11)
FN:84,(anonymous_12)
FN:87,(anonymous_13)
FN:90,(anonymous_14)
FN:99,(anonymous_15)
FN:101,(anonymous_16)
FN:104,(anonymous_17)
FN:110,(anonymous_18)
FN:117,(anonymous_19)
FN:121,(anonymous_20)
FN:129,(anonymous_21)
FN:132,(anonymous_22)
FN:135,(anonymous_23)
FN:138,(anonymous_24)
FN:141,(anonymous_25)
FN:145,(anonymous_26)
FN:161,(anonymous_27)
FN:171,(anonymous_28)
FN:189,(anonymous_29)
FN:207,(anonymous_30)
FN:220,(anonymous_31)
FN:222,(anonymous_32)
FN:223,(anonymous_33)
FN:236,(anonymous_34)
FN:238,(anonymous_35)
FN:239,(anonymous_36)
FN:253,(anonymous_37)
FN:259,(anonymous_38)
FN:260,(anonymous_39)
FN:261,(anonymous_40)
FN:262,(anonymous_41)
FN:269,(anonymous_42)
FN:270,(anonymous_43)
FN:291,(anonymous_44)
FN:294,(anonymous_45)
FN:298,(anonymous_46)
FN:303,(anonymous_47)
FN:310,(anonymous_48)
FN:315,(anonymous_49)
FN:317,(anonymous_50)
FN:327,(anonymous_51)
FNF:52
FNH:0
FNDA:0,(anonymous_0)
FNDA:0,(anonymous_1)
FNDA:0,(anonymous_2)
FNDA:0,(anonymous_3)
FNDA:0,(anonymous_4)
FNDA:0,(anonymous_5)
FNDA:0,(anonymous_6)
FNDA:0,(anonymous_7)
FNDA:0,(anonymous_8)
FNDA:0,(anonymous_9)
FNDA:0,(anonymous_10)
FNDA:0,(anonymous_11)
FNDA:0,(anonymous_12)
FNDA:0,(anonymous_13)
FNDA:0,(anonymous_14)
FNDA:0,(anonymous_15)
FNDA:0,(anonymous_16)
FNDA:0,(anonymous_17)
FNDA:0,(anonymous_18)
FNDA:0,(anonymous_19)
FNDA:0,(anonymous_20)
FNDA:0,(anonymous_21)
FNDA:0,(anonymous_22)
FNDA:0,(anonymous_23)
FNDA:0,(anonymous_24)
FNDA:0,(anonymous_25)
FNDA:0,(anonymous_26)
FNDA:0,(anonymous_27)
FNDA:0,(anonymous_28)
FNDA:0,(anonymous_29)
FNDA:0,(anonymous_30)
FNDA:0,(anonymous_31)
FNDA:0,(anonymous_32)
FNDA:0,(anonymous_33)
FNDA:0,(anonymous_34)
FNDA:0,(anonymous_35)
FNDA:0,(anonymous_36)
FNDA:0,(anonymous_37)
FNDA:0,(anonymous_38)
FNDA:0,(anonymous_39)
FNDA:0,(anonymous_40)
FNDA:0,(anonymous_41)
FNDA:0,(anonymous_42)
FNDA:0,(anonymous_43)
FNDA:0,(anonymous_44)
FNDA:0,(anonymous_45)
FNDA:0,(anonymous_46)
FNDA:0,(anonymous_47)
FNDA:0,(anonymous_48)
FNDA:0,(anonymous_49)
FNDA:0,(anonymous_50)
FNDA:0,(anonymous_51)
DA:3,1
DA:5,0
DA:6,0
DA:7,0
DA:10,0
DA:11,0
DA:13,0
DA:14,0
DA:15,0
DA:16,0
DA:17,0
DA:18,0
DA:19,0
DA:20,0
DA:21,0
DA:22,0
DA:23,0
DA:24,0
DA:26,0
DA:28,0
DA:30,1
DA:32,0
DA:33,0
DA:34,0
DA:37,0
DA:40,0
DA:41,0
DA:43,0
DA:45,0
DA:46,0
DA:47,0
DA:48,0
DA:51,1
DA:53,0
DA:56,0
DA:58,0
DA:59,0
DA:60,0
DA:61,0
DA:62,0
DA:64,0
DA:68,0
DA:70,0
DA:71,0
DA:72,0
DA:73,0
DA:74,0
DA:77,0
DA:81,0
DA:83,0
DA:84,0
DA:85,0
DA:87,0
DA:88,0
DA:90,0
DA:91,0
DA:93,0
DA:100,0
DA:102,0
DA:103,0
DA:104,0
DA:105,0
DA:106,0
DA:107,0
DA:110,0
DA:111,0
DA:113,0
DA:114,0
DA:118,0
DA:119,0
DA:120,0
DA:122,0
DA:123,0
DA:124,0
DA:125,0
DA:126,0
DA:127,0
DA:128,0
DA:129,0
DA:130,0
DA:132,0
DA:133,0
DA:135,0
DA:136,0
DA:138,0
DA:139,0
DA:141,0
DA:142,0
DA:144,0
DA:145,0
DA:146,0
DA:148,0
DA:149,0
DA:150,0
DA:151,0
DA:153,0
DA:154,0
DA:155,0
DA:156,0
DA:157,0
DA:158,0
DA:160,0
DA:162,0
DA:166,0
DA:167,0
DA:169,0
DA:170,0
DA:172,0
DA:173,0
DA:174,0
DA:175,0
DA:176,0
DA:177,0
DA:184,0
DA:185,0
DA:187,0
DA:188,0
DA:190,0
DA:191,0
DA:192,0
DA:193,0
DA:194,0
DA:202,0
DA:203,0
DA:205,0
DA:206,0
DA:208,0
DA:209,0
DA:215,0
DA:216,0
DA:218,0
DA:219,0
DA:221,0
DA:222,0
DA:223,0
DA:224,0
DA:231,0
DA:232,0
DA:234,0
DA:235,0
DA:237,0
DA:238,0
DA:239,0
DA:240,0
DA:247,0
DA:248,0
DA:249,0
DA:251,0
DA:252,0
DA:254,0
DA:255,0
DA:256,0
DA:257,0
DA:258,0
DA:259,0
DA:260,0
DA:261,0
DA:262,0
DA:268,0
DA:270,0
DA:271,0
DA:272,0
DA:273,0
DA:275,0
DA:281,0
DA:282,0
DA:283,0
DA:285,0
DA:286,0
DA:287,0
DA:289,0
DA:290,0
DA:292,0
DA:294,0
DA:295,0
DA:297,0
DA:298,0
DA:299,0
DA:303,0
DA:304,0
DA:305,0
DA:306,0
DA:310,0
DA:311,0
DA:314,0
DA:315,0
DA:316,0
DA:317,0
DA:318,0
DA:320,0
DA:327,0
DA:329,0
LF:192
LH:3
BRDA:5,0,0,0
BRDA:5,0,1,0
BRDA:6,1,0,0
BRDA:6,1,1,0
BRDA:10,2,0,0
BRDA:10,2,1,0
BRDA:11,3,0,0
BRDA:11,3,1,0
BRDA:22,4,0,0
BRDA:22,4,1,0
BRDA:32,5,0,0
BRDA:32,5,1,0
BRDA:37,6,0,0
BRDA:37,6,1,0
BRDA:40,7,0,0
BRDA:40,7,1,0
BRDA:118,8,0,0
BRDA:118,8,1,0
BRDA:126,9,0,0
BRDA:126,9,1,0
BRDA:129,10,0,0
BRDA:129,10,1,0
BRDA:132,11,0,0
BRDA:132,11,1,0
BRDA:135,12,0,0
BRDA:135,12,1,0
BRDA:138,13,0,0
BRDA:138,13,1,0
BRDA:141,14,0,0
BRDA:141,14,1,0
BRDA:144,15,0,0
BRDA:144,15,1,0
BRDA:144,15,2,0
BRDA:144,15,3,0
BRDA:144,15,4,0
BRDA:145,16,0,0
BRDA:145,16,1,0
BRDA:166,17,0,0
BRDA:166,17,1,0
BRDA:167,18,0,0
BRDA:167,18,1,0
BRDA:175,19,0,0
BRDA:175,19,1,0
BRDA:176,20,0,0
BRDA:176,20,1,0
BRDA:184,21,0,0
BRDA:184,21,1,0
BRDA:185,22,0,0
BRDA:185,22,1,0
BRDA:191,23,0,0
BRDA:191,23,1,0
BRDA:192,24,0,0
BRDA:192,24,1,0
BRDA:193,25,0,0
BRDA:193,25,1,0
BRDA:202,26,0,0
BRDA:202,26,1,0
BRDA:203,27,0,0
BRDA:203,27,1,0
BRDA:208,28,0,0
BRDA:208,28,1,0
BRDA:215,29,0,0
BRDA:215,29,1,0
BRDA:216,30,0,0
BRDA:216,30,1,0
BRDA:231,31,0,0
BRDA:231,31,1,0
BRDA:232,32,0,0
BRDA:232,32,1,0
BRDA:248,33,0,0
BRDA:248,33,1,0
BRDA:249,34,0,0
BRDA:249,34,1,0
BRDA:281,35,0,0
BRDA:281,35,1,0
BRDA:282,36,0,0
BRDA:282,36,1,0
BRDA:285,37,0,0
BRDA:285,37,1,0
BRDA:304,38,0,0
BRDA:304,38,1,0
BRF:81
BRH:0
end_of_record
TN:
SF:C:\Users\pankaj.kumar\Saved Games\QA\v1.1\client\actions\AppActions.js
FN:6,(anonymous_0)
FN:10,(anonymous_1)
FN:12,(anonymous_2)
FN:20,(anonymous_3)
FN:24,(anonymous_4)
FN:27,(anonymous_5)
FN:34,(anonymous_6)
FN:39,(anonymous_7)
FN:42,(anonymous_8)
FN:48,(anonymous_9)
FN:52,(anonymous_10)
FN:55,(anonymous_11)
FN:61,(anonymous_12)
FN:65,(anonymous_13)
FN:68,(anonymous_14)
FN:74,(anonymous_15)
FN:78,(anonymous_16)
FN:87,(anonymous_17)
FN:91,(anonymous_18)
FN:93,(anonymous_19)
FN:102,(anonymous_20)
FN:103,(anonymous_21)
FN:111,(anonymous_22)
FN:116,(anonymous_23)
FN:120,(anonymous_24)
FN:128,(anonymous_25)
FN:137,(anonymous_26)
FN:142,(anonymous_27)
FN:160,(anonymous_28)
FN:170,(anonymous_29)
FN:188,(anonymous_30)
FN:194,(anonymous_31)
FN:202,(anonymous_32)
FN:212,(anonymous_33)
FN:213,(anonymous_34)
FN:219,(anonymous_35)
FN:220,(anonymous_36)
FN:229,(anonymous_37)
FN:234,(anonymous_38)
FN:238,(anonymous_39)
FN:242,(anonymous_40)
FN:242,(anonymous_41)
FN:246,(anonymous_42)
FN:246,(anonymous_43)
FN:247,(anonymous_44)
FN:254,(anonymous_45)
FN:259,(anonymous_46)
FN:259,(anonymous_47)
FN:261,(anonymous_48)
FN:264,(anonymous_49)
FN:268,(anonymous_50)
FN:268,(anonymous_51)
FN:269,(anonymous_52)
FN:271,(anonymous_53)
FN:275,(anonymous_54)
FN:280,(anonymous_55)
FN:280,(anonymous_56)
FN:282,(anonymous_57)
FNF:58
FNH:0
FNDA:0,(anonymous_0)
FNDA:0,(anonymous_1)
FNDA:0,(anonymous_2)
FNDA:0,(anonymous_3)
FNDA:0,(anonymous_4)
FNDA:0,(anonymous_5)
FNDA:0,(anonymous_6)
FNDA:0,(anonymous_7)
FNDA:0,(anonymous_8)
FNDA:0,(anonymous_9)
FNDA:0,(anonymous_10)
FNDA:0,(anonymous_11)
FNDA:0,(anonymous_12)
FNDA:0,(anonymous_13)
FNDA:0,(anonymous_14)
FNDA:0,(anonymous_15)
FNDA:0,(anonymous_16)
FNDA:0,(anonymous_17)
FNDA:0,(anonymous_18)
FNDA:0,(anonymous_19)
FNDA:0,(anonymous_20)
FNDA:0,(anonymous_21)
FNDA:0,(anonymous_22)
FNDA:0,(anonymous_23)
FNDA:0,(anonymous_24)
FNDA:0,(anonymous_25)
FNDA:0,(anonymous_26)
FNDA:0,(anonymous_27)
FNDA:0,(anonymous_28)
FNDA:0,(anonymous_29)
FNDA:0,(anonymous_30)
FNDA:0,(anonymous_31)
FNDA:0,(anonymous_32)
FNDA:0,(anonymous_33)
FNDA:0,(anonymous_34)
FNDA:0,(anonymous_35)
FNDA:0,(anonymous_36)
FNDA:0,(anonymous_37)
FNDA:0,(anonymous_38)
FNDA:0,(anonymous_39)
FNDA:0,(anonymous_40)
FNDA:0,(anonymous_41)
FNDA:0,(anonymous_42)
FNDA:0,(anonymous_43)
FNDA:0,(anonymous_44)
FNDA:0,(anonymous_45)
FNDA:0,(anonymous_46)
FNDA:0,(anonymous_47)
FNDA:0,(anonymous_48)
FNDA:0,(anonymous_49)
FNDA:0,(anonymous_50)
FNDA:0,(anonymous_51)
FNDA:0,(anonymous_52)
FNDA:0,(anonymous_53)
FNDA:0,(anonymous_54)
FNDA:0,(anonymous_55)
FNDA:0,(anonymous_56)
FNDA:0,(anonymous_57)
DA:7,0
DA:11,0
DA:12,0
DA:13,0
DA:14,0
DA:21,0
DA:25,0
DA:26,0
DA:28,0
DA:29,0
DA:35,0
DA:40,0
DA:41,0
DA:43,0
DA:49,0
DA:53,0
DA:54,0
DA:56,0
DA:62,0
DA:66,0
DA:67,0
DA:69,0
DA:75,0
DA:79,0
DA:85,0
DA:86,0
DA:88,0
DA:91,0
DA:93,0
DA:94,0
DA:96,0
DA:100,0
DA:101,0
DA:103,0
DA:104,0
DA:106,0
DA:111,0
DA:117,0
DA:121,0
DA:127,0
DA:128,0
DA:129,0
DA:138,0
DA:143,0
DA:161,0
DA:162,0
DA:170,0
DA:171,0
DA:172,0
DA:180,0
DA:189,0
DA:190,0
DA:195,0
DA:203,0
DA:204,0
DA:213,0
DA:220,0
DA:229,1
DA:234,1
DA:238,1
DA:242,1
DA:243,0
DA:244,0
DA:246,1
DA:247,0
DA:248,0
DA:249,0
DA:254,1
DA:259,1
DA:260,0
DA:261,0
DA:264,1
DA:268,1
DA:269,0
DA:270,0
DA:271,0
DA:275,1
DA:280,1
DA:281,0
DA:282,0
LF:80
LH:11
BRDA:171,0,0,0
BRDA:171,0,1,0
BRF:2
BRH:0
end_of_record
TN:
SF:C:\Users\pankaj.kumar\Saved Games\QA\v1.1\client\constants\AppConstants.js
FNF:0
FNH:0
DA:1,1
LF:1
LH:1
BRF:0
BRH:0
end_of_record
TN:
SF:C:\Users\pankaj.kumar\Saved Games\QA\v1.1\client\containers\admin\contracts\ContractsReducers.js
FN:3,(anonymous_0)
FNF:1
FNH:1
FNDA:4,(anonymous_0)
DA:3,1
DA:35,4
DA:37,3
DA:39,0
DA:41,0
DA:43,0
DA:45,0
DA:47,0
DA:49,0
DA:51,0
DA:53,0
DA:55,0
DA:57,1
LF:13
LH:4
BRDA:4,0,0,4
BRDA:35,1,0,3
BRDA:35,1,1,0
BRDA:35,1,2,0
BRDA:35,1,3,0
BRDA:35,1,4,0
BRDA:35,1,5,0
BRDA:35,1,6,0
BRDA:35,1,7,0
BRDA:35,1,8,0
BRDA:35,1,9,0
BRDA:35,1,10,1
BRF:12
BRH:3
end_of_record
TN:
SF:C:\Users\pankaj.kumar\Saved Games\QA\v1.1\client\containers\admin\contracts\CreateContract.js
FN:11,(anonymous_0)
FN:21,(anonymous_1)
FN:30,(anonymous_2)
FN:32,(anonymous_3)
FN:60,(anonymous_4)
FN:95,(anonymous_5)
FNF:6
FNH:0
FNDA:0,(anonymous_0)
FNDA:0,(anonymous_1)
FNDA:0,(anonymous_2)
FNDA:0,(anonymous_3)
FNDA:0,(anonymous_4)
FNDA:0,(anonymous_5)
DA:12,0
DA:14,0
DA:18,0
DA:22,0
DA:23,0
DA:25,0
DA:31,0
DA:32,0
DA:36,0
DA:61,0
DA:86,1
DA:95,0
LF:12
LH:1
BRDA:22,0,0,0
BRDA:22,0,1,0
BRF:2
BRH:0
end_of_record
